OXO Game Client Started: 2024-07-04 20:46:21.868985
Connected To Server: localhost
Exception: 
Connected To Server: localhost
Received Message: new game,O
Exception: 
Received Message: new game,X
Received Message: your move
Received Message: opponents move
Sent Message: 1
Received Message: valid move,O,1
Received Message: valid move,O,1
Received Message: opponents move
Received Message: your move
Sent Message: 1
Received Message: invalid move
Received Message: your move
Received Message: opponents move
Sent Message: 1
Received Message: invalid move
Received Message: opponents move
Received Message: your move
Sent Message: 4
Received Message: valid move,X,4
Received Message: valid move,X,4
Received Message: your move
Received Message: opponents move
Sent Message: 0
Received Message: valid move,O,0
Received Message: valid move,O,0
Received Message: your move
Received Message: opponents move
Sent Message: 2
Received Message: valid move,X,2
Received Message: valid move,X,2
Received Message: opponents move
Sent Message: 6
Received Message: valid move,O,6
Received Message: valid move,O,6
Received Message: opponents move
Received Message: your move
Sent Message: 5
Received Message: valid move,X,5
Received Message: valid move,X,5
Received Message: opponents move
Received Message: your move
Sent Message: 3
Received Message: valid move,O,3
Received Message: valid move,O,3
Received Message: game over,O
Received Message: game over,O
Received Message: play again
Received Message: play again
Sent Message: y
Sent Message: y
Received Message: new game,X
Received Message: opponents move
Received Message: new game,O
Received Message: your move
Sent Message: 4
Received Message: valid move,O,4
Received Message: valid move,O,4
Received Message: opponents move
Received Message: your move
Sent Message: 2
Received Message: valid move,X,2
Received Message: valid move,X,2
Received Message: your move
ove
Sent Message: 8
Received Message: valid move,O,8
Received Message: valid move,O,8
Received Message: opponents move
Received Message: your move
Sent Message: 0
Received Message: valid move,X,0
Received Message: valid move,X,0
Received Message: your move
Received Message: opponents move
Sent Message: 1
Received Message: valid move,O,1
Received Message: valid move,O,1
Received Message: your move
Received Message: opponents move
Sent Message: 7
Received Message: valid move,X,7
Received Message: valid move,X,7
Received Message: opponents move
Received Message: your move
Sent Message: 3
Received Message: valid move,O,3
Received Message: valid move,O,3
Received Message: your move
Received Message: opponents move
Sent Message: 5
Received Message: valid move,X,5
Received Message: valid move,X,5
Received Message: opponents move
Received Message: your move
Sent Message: 6
Received Message: valid move,O,6
Received Message: valid move,O,6
Received Message: game over,T
Received Message: game over,T
Received Message: play again
Received Message: play again
Sent Message: y
Sent Message: y
Received Message: new game,X
Received Message: opponents move
Received Message: new game,O
Received Message: your move
Sent Message: 0
Received Message: valid move,O,0
Received Message: valid move,O,0
Received Message: your move
ove
Sent Message: 4
Received Message: valid move,X,4
Received Message: valid move,X,4
Received Message: opponents move
Received Message: your move
Sent Message: 6
Received Message: valid move,O,6
Received Message: valid move,O,6
Received Message: your move
Received Message: opponents move
Sent Message: 3
Received Message: valid move,X,3
Received Message: valid move,X,3
Received Message: your move
Received Message: opponents move
Sent Message: 5
Received Message: valid move,O,5
Received Message: valid move,O,5
Received Message: opponents move
Received Message: your move
Sent Message: 7
Received Message: valid move,X,7
Received Message: valid move,X,7
Received Message: your move
Received Message: opponents move
Sent Message: 1
Received Message: valid move,O,1
Received Message: valid move,O,1
Received Message: your move
Received Message: opponents move
Sent Message: 2
Received Message: valid move,X,2
Received Message: valid move,X,2
Received Message: your move
Received Message: opponents move
Sent Message: 8
Received Message: valid move,O,8
Received Message: valid move,O,8
Received Message: game over,T
Received Message: game over,T
Received Message: play again
Received Message: play again
Sent Message: y
Sent Message: y
Received Message: new game,O
Received Message: new game,X
Received Message: opponents move
Received Message: your move
Sent Message: 4
Received Message: valid move,O,4
Received Message: valid move,O,4
Received Message: opponents move
Received Message: your move
Sent Message: 0
Received Message: valid move,X,0
Received Message: valid move,X,0
Received Message: your move
Received Message: opponents move
Sent Message: 6
Received Message: valid move,O,6
Received Message: valid move,O,6
Received Message: your move
ove
Sent Message: 2
Received Message: valid move,X,2
Received Message: valid move,X,2
Received Message: your move
Received Message: opponents move
Sent Message: 1
Received Message: valid move,O,1
Received Message: valid move,O,1
Received Message: your move
Received Message: opponents move
Sent Message: 7
Received Message: valid move,X,7
Received Message: valid move,X,7
Received Message: your move
Received Message: opponents move
Sent Message: 8
Received Message: valid move,O,8
Received Message: valid move,O,8
Received Message: opponents move
Received Message: your move
Sent Message: 3
Received Message: valid move,X,3
Received Message: valid move,X,3
Received Message: your move
Received Message: opponents move
Sent Message: 5
Received Message: valid move,O,5
Received Message: valid move,O,5
Received Message: game over,T
Received Message: game over,T
Received Message: play again
Received Message: play again
Sent Message: y
Sent Message: y
Received Message: new game,O
Received Message: your move
Received Message: new game,X
Received Message: opponents move
Sent Message: 4
Received Message: valid move,O,4
Received Message: valid move,O,4
Received Message: your move
Received Message: opponents move
Sent Message: 0
Received Message: valid move,X,0
Received Message: valid move,X,0
Received Message: your move
Received Message: opponents move
Sent Message: 1
Received Message: valid move,O,1
Received Message: valid move,O,1
Received Message: your move
Received Message: opponents move
Sent Message: 7
Received Message: valid move,X,7
Received Message: valid move,X,7
Received Message: your move
Received Message: opponents move
Sent Message: 2
Received Message: valid move,O,2
Received Message: valid move,O,2
Received Message: your move
Received Message: opponents move
Sent Message: 6
Received Message: valid move,X,6
Received Message: valid move,X,6
Received Message: your move
Received Message: opponents move
Sent Message: 3
Received Message: valid move,O,3
Received Message: valid move,O,3
Received Message: opponents move
Received Message: your move
Sent Message: 8
Received Message: valid move,X,8
Received Message: valid move,X,8
Received Message: game over,X
Received Message: game over,X
Received Message: play again
Received Message: play again
Sent Message: y
Sent Message: y
Received Message: new game,X
Received Message: new game,O
Received Message: your move
Received Message: opponents move
Sent Message: 4
Received Message: valid move,O,4
Received Message: valid move,O,4
Received Message: opponents move
Received Message: your move
Sent Message: 0
Received Message: valid move,X,0
Received Message: valid move,X,0
Received Message: opponents move
Received Message: your move
Sent Message: 6
Received Message: valid move,O,6
Received Message: valid move,O,6
Received Message: opponents move
Received Message: your move
Sent Message: 2
Received Message: valid move,X,2
Received Message: valid move,X,2
Received Message: your move
Received Message: opponents move
Sent Message: 1
Received Message: valid move,O,1
Received Message: valid move,O,1
Received Message: opponents move
Received Message: your move
Sent Message: 7
Received Message: valid move,X,7
Received Message: valid move,X,7
Received Message: opponents move
Sent Message: 5
Received Message: valid move,O,5
Received Message: valid move,O,5
Received Message: opponents move
Received Message: your move
Sent Message: 3
Received Message: valid move,X,3
Received Message: valid move,X,3
Received Message: your move
Received Message: opponents move
Sent Message: 8
Received Message: valid move,O,8
Received Message: valid move,O,8
Received Message: game over,T
Received Message: game over,T
Received Message: play again
Received Message: play again
Sent Message: y
Sent Message: y
Received Message: new game,X
Received Message: opponents move
Received Message: new game,O
Received Message: your move
Sent Message: 4
Received Message: valid move,O,4
Received Message: valid move,O,4
Received Message: your move
Received Message: opponents move
Sent Message: 1
Received Message: valid move,X,1
Received Message: valid move,X,1
Received Message: your move
Received Message: opponents move
Sent Message: 6
Received Message: valid move,O,6
Received Message: valid move,O,6
Received Message: your move
Received Message: opponents move
Sent Message: 2
Received Message: valid move,X,2
Received Message: valid move,X,2
Received Message: opponents move
Received Message: your move
Sent Message: 0
Received Message: valid move,O,0
Received Message: valid move,O,0
Received Message: opponents move
Sent Message: 8
Received Message: valid move,X,8
Received Message: valid move,X,8
Received Message: your move
Received Message: opponents move
Sent Message: 3
Received Message: valid move,O,3
Received Message: valid move,O,3
Received Message: game over,O
Received Message: play again
Received Message: play again
Sent Message: n
Sent Message: n
Received Message: exit game
Received Message: exit game
Received Message: 
Received Message: 
OXO Game Client Ended: 2024-07-04 20:56:37.563033
OXO Game Client Ended: 2024-07-04 20:56:37.564032
OXO Game Client Ended: 2024-07-04 20:56:57.172769
OXO Game Client Ended: 2024-07-04 20:56:57.173900
